

Started GET "/" for 127.0.0.1 at 2014-08-18 09:31:30 +0800

ActionController::RoutingError (uninitialized constant MainController):
  activesupport (4.0.3) lib/active_support/inflector/methods.rb:226:in `const_get'
  activesupport (4.0.3) lib/active_support/inflector/methods.rb:226:in `block in constantize'
  activesupport (4.0.3) lib/active_support/inflector/methods.rb:224:in `each'
  activesupport (4.0.3) lib/active_support/inflector/methods.rb:224:in `inject'
  activesupport (4.0.3) lib/active_support/inflector/methods.rb:224:in `constantize'
  actionpack (4.0.3) lib/action_dispatch/routing/route_set.rb:76:in `controller_reference'
  actionpack (4.0.3) lib/action_dispatch/routing/route_set.rb:66:in `controller'
  actionpack (4.0.3) lib/action_dispatch/routing/route_set.rb:44:in `call'
  actionpack (4.0.3) lib/action_dispatch/journey/router.rb:71:in `block in call'
  actionpack (4.0.3) lib/action_dispatch/journey/router.rb:59:in `each'
  actionpack (4.0.3) lib/action_dispatch/journey/router.rb:59:in `call'
  actionpack (4.0.3) lib/action_dispatch/routing/route_set.rb:680:in `call'
  rack (1.5.2) lib/rack/etag.rb:23:in `call'
  rack (1.5.2) lib/rack/conditionalget.rb:25:in `call'
  rack (1.5.2) lib/rack/head.rb:11:in `call'
  actionpack (4.0.3) lib/action_dispatch/middleware/params_parser.rb:27:in `call'
  actionpack (4.0.3) lib/action_dispatch/middleware/flash.rb:241:in `call'
  rack (1.5.2) lib/rack/session/abstract/id.rb:225:in `context'
  rack (1.5.2) lib/rack/session/abstract/id.rb:220:in `call'
  actionpack (4.0.3) lib/action_dispatch/middleware/cookies.rb:486:in `call'
  activerecord (4.0.3) lib/active_record/query_cache.rb:36:in `call'
  activerecord (4.0.3) lib/active_record/connection_adapters/abstract/connection_pool.rb:626:in `call'
  activerecord (4.0.3) lib/active_record/migration.rb:369:in `call'
  actionpack (4.0.3) lib/action_dispatch/middleware/callbacks.rb:29:in `block in call'
  activesupport (4.0.3) lib/active_support/callbacks.rb:373:in `_run__756222893927393842__call__callbacks'
  activesupport (4.0.3) lib/active_support/callbacks.rb:80:in `run_callbacks'
  actionpack (4.0.3) lib/action_dispatch/middleware/callbacks.rb:27:in `call'
  actionpack (4.0.3) lib/action_dispatch/middleware/reloader.rb:64:in `call'
  actionpack (4.0.3) lib/action_dispatch/middleware/remote_ip.rb:76:in `call'
  actionpack (4.0.3) lib/action_dispatch/middleware/debug_exceptions.rb:17:in `call'
  actionpack (4.0.3) lib/action_dispatch/middleware/show_exceptions.rb:30:in `call'
  railties (4.0.3) lib/rails/rack/logger.rb:38:in `call_app'
  railties (4.0.3) lib/rails/rack/logger.rb:20:in `block in call'
  activesupport (4.0.3) lib/active_support/tagged_logging.rb:67:in `block in tagged'
  activesupport (4.0.3) lib/active_support/tagged_logging.rb:25:in `tagged'
  activesupport (4.0.3) lib/active_support/tagged_logging.rb:67:in `tagged'
  railties (4.0.3) lib/rails/rack/logger.rb:20:in `call'
  actionpack (4.0.3) lib/action_dispatch/middleware/request_id.rb:21:in `call'
  rack (1.5.2) lib/rack/methodoverride.rb:21:in `call'
  rack (1.5.2) lib/rack/runtime.rb:17:in `call'
  activesupport (4.0.3) lib/active_support/cache/strategy/local_cache.rb:83:in `call'
  rack (1.5.2) lib/rack/lock.rb:17:in `call'
  actionpack (4.0.3) lib/action_dispatch/middleware/static.rb:64:in `call'
  rack (1.5.2) lib/rack/sendfile.rb:112:in `call'
  railties (4.0.3) lib/rails/engine.rb:511:in `call'
  railties (4.0.3) lib/rails/application.rb:97:in `call'
  rack (1.5.2) lib/rack/lock.rb:17:in `call'
  rack (1.5.2) lib/rack/content_length.rb:14:in `call'
  rack (1.5.2) lib/rack/handler/webrick.rb:60:in `service'
  /home/sc/.rvm/rubies/ruby-2.0.0-p353/lib/ruby/2.0.0/webrick/httpserver.rb:138:in `service'
  /home/sc/.rvm/rubies/ruby-2.0.0-p353/lib/ruby/2.0.0/webrick/httpserver.rb:94:in `run'
  /home/sc/.rvm/rubies/ruby-2.0.0-p353/lib/ruby/2.0.0/webrick/server.rb:295:in `block in start_thread'


  Rendered /home/sc/.rvm/gems/ruby-2.0.0-p353/gems/actionpack-4.0.3/lib/action_dispatch/middleware/templates/rescues/_trace.erb (1.7ms)
  Rendered /home/sc/.rvm/gems/ruby-2.0.0-p353/gems/actionpack-4.0.3/lib/action_dispatch/middleware/templates/routes/_route.html.erb (12.6ms)
  Rendered /home/sc/.rvm/gems/ruby-2.0.0-p353/gems/actionpack-4.0.3/lib/action_dispatch/middleware/templates/routes/_route.html.erb (0.6ms)
  Rendered /home/sc/.rvm/gems/ruby-2.0.0-p353/gems/actionpack-4.0.3/lib/action_dispatch/middleware/templates/routes/_table.html.erb (23.8ms)
  Rendered /home/sc/.rvm/gems/ruby-2.0.0-p353/gems/actionpack-4.0.3/lib/action_dispatch/middleware/templates/rescues/routing_error.erb within rescues/layout (206.5ms)


Started GET "/" for 127.0.0.1 at 2014-08-18 10:37:20 +0800
Processing by Rails::WelcomeController#index as HTML
  Rendered /home/sc/.rvm/gems/ruby-2.0.0-p353/gems/railties-4.0.3/lib/rails/templates/rails/welcome/index.html.erb (2.1ms)
Completed 200 OK in 76ms (Views: 25.5ms | ActiveRecord: 0.0ms)
